#
# A fatal error has been detected by the Java Runtime Environment:
#
#  EXCEPTION_ACCESS_VIOLATION (0xc0000005) at pc=0x000000005c8e7066, pid=3688, tid=0x0000000000001410
#
# JRE version: Java(TM) SE Runtime Environment (8.0_181-b13) (build 1.8.0_181-b13)
# Java VM: Java HotSpot(TM) 64-Bit Server VM (25.181-b13 mixed mode windows-amd64 compressed oops)
# Problematic frame:
# V  [jvm.dll+0x237066]
#
# Failed to write core dump. Minidumps are not enabled by default on client versions of Windows
#
# If you would like to submit a bug report, please visit:
#   http://bugreport.java.com/bugreport/crash.jsp
#

---------------  T H R E A D  ---------------

Current thread (0x000000001ba17800):  VMThread [stack: 0x000000001cab0000,0x000000001cbb0000] [id=5136]

siginfo: ExceptionCode=0xc0000005, reading address 0x0000000000000008

Registers:
RAX=0x0000000000000000, RBX=0x000000001cbaebd0, RCX=0x000000001cbaebd0, RDX=0x0000000000000028
RSP=0x000000001cbae900, RBP=0x000000001cbaf110, RSI=0x0000000000000000, RDI=0x000000001cbaf2a0
R8 =0x0000000000000000, R9 =0x000000001b4bde88, R10=0x0000000000000008, R11=0x000000005ccb7f18
R12=0x000000001b9254b0, R13=0x000000001cbaf0d0, R14=0x00000000000003d8, R15=0x000000001cbaf0c0
RIP=0x000000005c8e7066, EFLAGS=0x0000000000010206

Top of Stack: (sp=0x000000001cbae900)
0x000000001cbae900:   0000000000000000 0000000000000000
0x000000001cbae910:   0000000000000001 0000000000000004
0x000000001cbae920:   000000001f887eb0 0000000000000004
0x000000001cbae930:   0000000000000000 000000001f887ea0
0x000000001cbae940:   0000000000000000 000000001f885fb0
0x000000001cbae950:   000000000235f7c0 000000000235f7c0
0x000000001cbae960:   000000001f887c70 000000001f887c70
0x000000001cbae970:   000000001f887d50 000000005cc97688
0x000000001cbae980:   00000000247943f0 000000005cd14478
0x000000001cbae990:   0000000000000044 0000000000000001
0x000000001cbae9a0:   000000001baa14a0 0000000000000c00
0x000000001cbae9b0:   0000000000000000 0000000000000000
0x000000001cbae9c0:   0000000000040000 0000000002368000
0x000000001cbae9d0:   0000000000000001 0000000002368000
0x000000001cbae9e0:   0000000021d8ff10 000000005ccd7748
0x000000001cbae9f0:   000000000235eea8 00000000024683fd 

Instructions: (pc=0x000000005c8e7066)
0x000000005c8e7046:   01 00 00 48 8b 05 30 a8 5b 00 48 33 c4 48 89 84
0x000000005c8e7056:   24 30 01 00 00 4c 63 41 10 48 8b 41 08 48 8b d9
0x000000005c8e7066:   42 38 54 00 08 74 33 44 0f be c2 48 8d 4c 24 20
0x000000005c8e7076:   48 8d 15 13 e3 3e 00 e8 ee ec de ff 48 8d 0d 97 


Register to memory mapping:

RAX=0x0000000000000000 is an unknown value
RBX=0x000000001cbaebd0 is an unknown value
RCX=0x000000001cbaebd0 is an unknown value
RDX=0x0000000000000028 is an unknown value
RSP=0x000000001cbae900 is an unknown value
RBP=0x000000001cbaf110 is an unknown value
RSI=0x0000000000000000 is an unknown value
RDI=0x000000001cbaf2a0 is an unknown value
R8 =0x0000000000000000 is an unknown value
R9 =0x000000001b4bde88 is pointing into metadata
R10=0x0000000000000008 is an unknown value
R11=0x000000005ccb7f18 is an unknown value
R12=0x000000001b9254b0 is an unknown value
R13=0x000000001cbaf0d0 is an unknown value
R14=0x00000000000003d8 is an unknown value
R15=0x000000001cbaf0c0 is an unknown value


Stack: [0x000000001cab0000,0x000000001cbb0000],  sp=0x000000001cbae900,  free space=1018k
Native frames: (J=compiled Java code, j=interpreted, Vv=VM code, C=native code)
V  [jvm.dll+0x237066]
V  [jvm.dll+0x2376e4]
V  [jvm.dll+0xff4a3]
V  [jvm.dll+0x102593]
V  [jvm.dll+0x10305f]
V  [jvm.dll+0x1038a5]
V  [jvm.dll+0x103af2]
V  [jvm.dll+0xc50be]
V  [jvm.dll+0xc5748]
V  [jvm.dll+0xc587a]
V  [jvm.dll+0xc5a78]
V  [jvm.dll+0x10f94a]
V  [jvm.dll+0x12d22f]
V  [jvm.dll+0x1bf3df]
V  [jvm.dll+0x24cc27]
V  [jvm.dll+0x24bec6]
V  [jvm.dll+0x24c361]
V  [jvm.dll+0x24c57e]
V  [jvm.dll+0x29e64a]
C  [msvcr100.dll+0x21d9f]
C  [msvcr100.dll+0x21e3b]
C  [KERNEL32.DLL+0x18102]
C  [ntdll.dll+0x5c5b4]

VM_Operation (0x000000001d4ef840): GetOrSetLocal, mode: safepoint, requested by thread 0x000000001ba63800


---------------  P R O C E S S  ---------------

Java Threads: ( => current thread )
  0x0000000028b07000 JavaThread "http-nio-auto-1-54511-AsyncTimeout" daemon [_thread_blocked, id=12372, stack(0x000000002bca0000,0x000000002bda0000)]
  0x0000000028afb000 JavaThread "http-nio-auto-1-Acceptor-0" daemon [_thread_in_native, id=15912, stack(0x000000002bba0000,0x000000002bca0000)]
  0x0000000028b01800 JavaThread "http-nio-auto-1-ClientPoller-1" daemon [_thread_in_native, id=5080, stack(0x000000002baa0000,0x000000002bba0000)]
  0x0000000028b01000 JavaThread "http-nio-auto-1-ClientPoller-0" daemon [_thread_in_native, id=11336, stack(0x000000002b9a0000,0x000000002baa0000)]
  0x0000000028af9800 JavaThread "http-nio-auto-1-exec-10" daemon [_thread_blocked, id=15928, stack(0x000000002b8a0000,0x000000002b9a0000)]
  0x0000000028afd000 JavaThread "http-nio-auto-1-exec-9" daemon [_thread_blocked, id=11160, stack(0x000000002b7a0000,0x000000002b8a0000)]
  0x0000000028b00000 JavaThread "http-nio-auto-1-exec-8" daemon [_thread_blocked, id=13176, stack(0x000000002b6a0000,0x000000002b7a0000)]
  0x0000000028afc800 JavaThread "http-nio-auto-1-exec-7" daemon [_thread_blocked, id=13884, stack(0x000000002b5a0000,0x000000002b6a0000)]
  0x0000000028afe800 JavaThread "http-nio-auto-1-exec-6" daemon [_thread_blocked, id=10288, stack(0x000000002b4a0000,0x000000002b5a0000)]
  0x0000000028afb800 JavaThread "http-nio-auto-1-exec-5" daemon [_thread_blocked, id=10548, stack(0x000000002b190000,0x000000002b290000)]
  0x0000000028aff800 JavaThread "http-nio-auto-1-exec-4" daemon [_thread_blocked, id=15760, stack(0x000000002b090000,0x000000002b190000)]
  0x0000000028afe000 JavaThread "http-nio-auto-1-exec-3" daemon [_thread_blocked, id=9928, stack(0x000000002af90000,0x000000002b090000)]
  0x0000000028afa000 JavaThread "http-nio-auto-1-exec-2" daemon [_thread_blocked, id=14580, stack(0x000000002ac00000,0x000000002ad00000)]
  0x0000000020f06800 JavaThread "http-nio-auto-1-exec-1" daemon [_thread_blocked, id=16248, stack(0x000000002ab00000,0x000000002ac00000)]
  0x0000000020f05000 JavaThread "NioBlockingSelector.BlockPoller-1" daemon [_thread_in_native, id=11800, stack(0x000000002aa00000,0x000000002ab00000)]
  0x0000000020f02000 JavaThread "container-0" [_thread_blocked, id=6016, stack(0x0000000029280000,0x0000000029380000)]
  0x0000000020f05800 JavaThread "ContainerBackgroundProcessor[StandardEngine[Tomcat]]" daemon [_thread_blocked, id=12624, stack(0x0000000027d40000,0x0000000027e40000)]
  0x0000000020f01000 JavaThread "HikariPool-1 housekeeper" daemon [_thread_blocked, id=15560, stack(0x0000000024ae0000,0x0000000024be0000)]
  0x000000001e30b000 JavaThread "ReaderThread" [_thread_in_native, id=13864, stack(0x000000001e7f0000,0x000000001e8f0000)]
  0x000000001baae800 JavaThread "Service Thread" daemon [_thread_blocked, id=10032, stack(0x000000001ddf0000,0x000000001def0000)]
  0x000000001d910800 JavaThread "C1 CompilerThread2" daemon [_thread_blocked, id=13264, stack(0x000000001dcf0000,0x000000001ddf0000)]
  0x000000001ba90800 JavaThread "C2 CompilerThread1" daemon [_thread_blocked, id=2900, stack(0x000000001d7f0000,0x000000001d8f0000)]
  0x000000001ba84000 JavaThread "C2 CompilerThread0" daemon [_thread_blocked, id=14036, stack(0x000000001d6f0000,0x000000001d7f0000)]
  0x000000001ba77000 JavaThread "JDWP Command Reader" daemon [_thread_in_native, id=13404, stack(0x000000001d5f0000,0x000000001d6f0000)]
  0x000000001ba72000 JavaThread "JDWP Event Helper Thread" daemon [_thread_blocked, id=14232, stack(0x000000001d4f0000,0x000000001d5f0000)]
  0x000000001ba63800 JavaThread "JDWP Transport Listener: dt_socket" daemon [_thread_blocked, id=12916, stack(0x000000001d3f0000,0x000000001d4f0000)]
  0x000000001ba58000 JavaThread "Attach Listener" daemon [_thread_blocked, id=12440, stack(0x000000001cfb0000,0x000000001d0b0000)]
  0x000000001ba57000 JavaThread "Signal Dispatcher" daemon [_thread_blocked, id=7716, stack(0x000000001ceb0000,0x000000001cfb0000)]
  0x000000000245e000 JavaThread "Finalizer" daemon [_thread_blocked, id=14112, stack(0x000000001ccb0000,0x000000001cdb0000)]
  0x000000001ba18800 JavaThread "Reference Handler" daemon [_thread_blocked, id=6852, stack(0x000000001cbb0000,0x000000001ccb0000)]
  0x0000000002368000 JavaThread "main" [_thread_blocked, id=5092, stack(0x0000000002260000,0x0000000002360000)]

Other Threads:
=>0x000000001ba17800 VMThread [stack: 0x000000001cab0000,0x000000001cbb0000] [id=5136]
  0x000000001d9c6800 WatcherThread [stack: 0x000000001def0000,0x000000001dff0000] [id=10100]

VM state:at safepoint (normal execution)

VM Mutex/Monitor currently owned by a thread:  ([mutex/lock_event])
[0x0000000002365780] Threads_lock - owner thread: 0x000000001ba17800

Heap:
 PSYoungGen      total 292352K, used 263286K [0x000000076b300000, 0x0000000784800000, 0x00000007c0000000)
  eden space 269824K, 91% used [0x000000076b300000,0x000000077a2f0898,0x000000077ba80000)
  from space 22528K, 78% used [0x000000077ba80000,0x000000077cbad098,0x000000077d080000)
  to   space 23552K, 0% used [0x0000000783100000,0x0000000783100000,0x0000000784800000)
 ParOldGen       total 204288K, used 26313K [0x00000006c1800000, 0x00000006cdf80000, 0x000000076b300000)
  object space 204288K, 12% used [0x00000006c1800000,0x00000006c31b24e0,0x00000006cdf80000)
 Metaspace       used 81728K, capacity 85538K, committed 85720K, reserved 1124352K
  class space    used 10922K, capacity 11759K, committed 11776K, reserved 1048576K

Card table byte_map: [0x0000000011820000,0x0000000012020000] byte_map_base: 0x000000000e214000

Marking Bits: (ParMarkBitMap*) 0x000000005ced2d00
 Begin Bits: [0x0000000012970000, 0x0000000016910000)
 End Bits:   [0x0000000016910000, 0x000000001a8b0000)

Polling page: 0x00000000001f0000

CodeCache: size=245760Kb used=24959Kb max_used=25302Kb free=220800Kb
 bounds [0x0000000002460000, 0x0000000003db0000, 0x0000000011460000]
 total_blobs=7800 nmethods=6957 adapters=761
 compilation: enabled

Compilation events (10 events):
Event: 92.213 Thread 0x000000001d910800 7950   !   3       sun.nio.ch.SelectorImpl::lockAndDoSelect (72 bytes)
Event: 92.214 Thread 0x000000001d910800 nmethod 7950 0x000000000313ba50 code [0x000000000313bc20, 0x000000000313c678]
Event: 93.212 Thread 0x000000001d910800 7951       3       java.nio.channels.spi.AbstractSelector::end (5 bytes)
Event: 93.213 Thread 0x000000001d910800 nmethod 7951 0x00000000039b3dd0 code [0x00000000039b3f60, 0x00000000039b44f0]
Event: 93.213 Thread 0x000000001d910800 7952       3       sun.nio.ch.WindowsSelectorImpl$FinishLock::access$700 (5 bytes)
Event: 93.214 Thread 0x000000001d910800 nmethod 7952 0x0000000003109d10 code [0x0000000003109e80, 0x000000000310a008]
Event: 93.214 Thread 0x000000001d910800 7953       3       sun.nio.ch.WindowsSelectorImpl::updateSelectedKeys (74 bytes)
Event: 93.215 Thread 0x000000001d910800 nmethod 7953 0x00000000039f6510 code [0x00000000039f66e0, 0x00000000039f6e28]
Event: 97.473 Thread 0x000000001ba90800 7954       4       java.util.concurrent.CopyOnWriteArrayList$COWIterator::hasNext (18 bytes)
Event: 97.475 Thread 0x000000001ba90800 nmethod 7954 0x00000000039f8e50 code [0x00000000039f8f80, 0x00000000039f9038]

GC Heap History (10 events):
Event: 4.599 GC heap before
{Heap before GC invocations=10 (full 2):
 PSYoungGen      total 167424K, used 165465K [0x000000076b300000, 0x000000077a780000, 0x00000007c0000000)
  eden space 153600K, 100% used [0x000000076b300000,0x0000000774900000,0x0000000774900000)
  from space 13824K, 85% used [0x0000000774900000,0x0000000775496648,0x0000000775680000)
  to   space 14848K, 0% used [0x0000000779900000,0x0000000779900000,0x000000077a780000)
 ParOldGen       total 159744K, used 14184K [0x00000006c1800000, 0x00000006cb400000, 0x000000076b300000)
  object space 159744K, 8% used [0x00000006c1800000,0x00000006c25da2b0,0x00000006cb400000)
 Metaspace       used 45750K, capacity 47558K, committed 47832K, reserved 1091584K
  class space    used 5777K, capacity 6091K, committed 6144K, reserved 1048576K
Event: 4.612 GC heap after
Heap after GC invocations=10 (full 2):
 PSYoungGen      total 231936K, used 14819K [0x000000076b300000, 0x000000077ac80000, 0x00000007c0000000)
  eden space 217088K, 0% used [0x000000076b300000,0x000000076b300000,0x0000000778700000)
  from space 14848K, 99% used [0x0000000779900000,0x000000077a778d48,0x000000077a780000)
  to   space 18432K, 0% used [0x0000000778700000,0x0000000778700000,0x0000000779900000)
 ParOldGen       total 159744K, used 18185K [0x00000006c1800000, 0x00000006cb400000, 0x000000076b300000)
  object space 159744K, 11% used [0x00000006c1800000,0x00000006c29c2598,0x00000006cb400000)
 Metaspace       used 45750K, capacity 47558K, committed 47832K, reserved 1091584K
  class space    used 5777K, capacity 6091K, committed 6144K, reserved 1048576K
}
Event: 6.066 GC heap before
{Heap before GC invocations=11 (full 2):
 PSYoungGen      total 231936K, used 231907K [0x000000076b300000, 0x000000077ac80000, 0x00000007c0000000)
  eden space 217088K, 100% used [0x000000076b300000,0x0000000778700000,0x0000000778700000)
  from space 14848K, 99% used [0x0000000779900000,0x000000077a778d48,0x000000077a780000)
  to   space 18432K, 0% used [0x0000000778700000,0x0000000778700000,0x0000000779900000)
 ParOldGen       total 159744K, used 18185K [0x00000006c1800000, 0x00000006cb400000, 0x000000076b300000)
  object space 159744K, 11% used [0x00000006c1800000,0x00000006c29c2598,0x00000006cb400000)
 Metaspace       used 55957K, capacity 58232K, committed 58584K, reserved 1099776K
  class space    used 7217K, capacity 7632K, committed 7680K, reserved 1048576K
Event: 6.086 GC heap after
Heap after GC invocations=11 (full 2):
 PSYoungGen      total 235520K, used 18428K [0x000000076b300000, 0x000000077e600000, 0x00000007c0000000)
  eden space 217088K, 0% used [0x000000076b300000,0x000000076b300000,0x0000000778700000)
  from space 18432K, 99% used [0x0000000778700000,0x00000007798ff3b0,0x0000000779900000)
  to   space 22016K, 0% used [0x000000077d080000,0x000000077d080000,0x000000077e600000)
 ParOldGen       total 159744K, used 20497K [0x00000006c1800000, 0x00000006cb400000, 0x000000076b300000)
  object space 159744K, 12% used [0x00000006c1800000,0x00000006c2c04470,0x00000006cb400000)
 Metaspace       used 55957K, capacity 58232K, committed 58584K, reserved 1099776K
  class space    used 7217K, capacity 7632K, committed 7680K, reserved 1048576K
}
Event: 6.145 GC heap before
{Heap before GC invocations=12 (full 2):
 PSYoungGen      total 235520K, used 28051K [0x000000076b300000, 0x000000077e600000, 0x00000007c0000000)
  eden space 217088K, 4% used [0x000000076b300000,0x000000076bc65ad8,0x0000000778700000)
  from space 18432K, 99% used [0x0000000778700000,0x00000007798ff3b0,0x0000000779900000)
  to   space 22016K, 0% used [0x000000077d080000,0x000000077d080000,0x000000077e600000)
 ParOldGen       total 159744K, used 20497K [0x00000006c1800000, 0x00000006cb400000, 0x000000076b300000)
  object space 159744K, 12% used [0x00000006c1800000,0x00000006c2c04470,0x00000006cb400000)
 Metaspace       used 56518K, capacity 58750K, committed 58968K, reserved 1099776K
  class space    used 7292K, capacity 7697K, committed 7808K, reserved 1048576K
Event: 6.155 GC heap after
Heap after GC invocations=12 (full 2):
 PSYoungGen      total 291840K, used 15728K [0x000000076b300000, 0x0000000780880000, 0x00000007c0000000)
  eden space 269824K, 0% used [0x000000076b300000,0x000000076b300000,0x000000077ba80000)
  from space 22016K, 71% used [0x000000077d080000,0x000000077dfdc380,0x000000077e600000)
  to   space 22528K, 0% used [0x000000077ba80000,0x000000077ba80000,0x000000077d080000)
 ParOldGen       total 159744K, used 20505K [0x00000006c1800000, 0x00000006cb400000, 0x000000076b300000)
  object space 159744K, 12% used [0x00000006c1800000,0x00000006c2c06470,0x00000006cb400000)
 Metaspace       used 56518K, capacity 58750K, committed 58968K, reserved 1099776K
  class space    used 7292K, capacity 7697K, committed 7808K, reserved 1048576K
}
Event: 6.155 GC heap before
{Heap before GC invocations=13 (full 3):
 PSYoungGen      total 291840K, used 15728K [0x000000076b300000, 0x0000000780880000, 0x00000007c0000000)
  eden space 269824K, 0% used [0x000000076b300000,0x000000076b300000,0x000000077ba80000)
  from space 22016K, 71% used [0x000000077d080000,0x000000077dfdc380,0x000000077e600000)
  to   space 22528K, 0% used [0x000000077ba80000,0x000000077ba80000,0x000000077d080000)
 ParOldGen       total 159744K, used 20505K [0x00000006c1800000, 0x00000006cb400000, 0x000000076b300000)
  object space 159744K, 12% used [0x00000006c1800000,0x00000006c2c06470,0x00000006cb400000)
 Metaspace       used 56518K, capacity 58750K, committed 58968K, reserved 1099776K
  class space    used 7292K, capacity 7697K, committed 7808K, reserved 1048576K
Event: 6.254 GC heap after
Heap after GC invocations=13 (full 3):
 PSYoungGen      total 291840K, used 0K [0x000000076b300000, 0x0000000780880000, 0x00000007c0000000)
  eden space 269824K, 0% used [0x000000076b300000,0x000000076b300000,0x000000077ba80000)
  from space 22016K, 0% used [0x000000077d080000,0x000000077d080000,0x000000077e600000)
  to   space 22528K, 0% used [0x000000077ba80000,0x000000077ba80000,0x000000077d080000)
 ParOldGen       total 204288K, used 26305K [0x00000006c1800000, 0x00000006cdf80000, 0x000000076b300000)
  object space 204288K, 12% used [0x00000006c1800000,0x00000006c31b04e0,0x00000006cdf80000)
 Metaspace       used 56518K, capacity 58750K, committed 58968K, reserved 1099776K
  class space    used 7292K, capacity 7697K, committed 7808K, reserved 1048576K
}
Event: 8.231 GC heap before
{Heap before GC invocations=14 (full 3):
 PSYoungGen      total 291840K, used 269824K [0x000000076b300000, 0x0000000780880000, 0x00000007c0000000)
  eden space 269824K, 100% used [0x000000076b300000,0x000000077ba80000,0x000000077ba80000)
  from space 22016K, 0% used [0x000000077d080000,0x000000077d080000,0x000000077e600000)
  to   space 22528K, 0% used [0x000000077ba80000,0x000000077ba80000,0x000000077d080000)
 ParOldGen       total 204288K, used 26305K [0x00000006c1800000, 0x00000006cdf80000, 0x000000076b300000)
  object space 204288K, 12% used [0x00000006c1800000,0x00000006c31b04e0,0x00000006cdf80000)
 Metaspace       used 69450K, capacity 72494K, committed 72792K, reserved 1112064K
  class space    used 9198K, capacity 9735K, committed 9856K, reserved 1048576K
Event: 8.248 GC heap after
Heap after GC invocations=14 (full 3):
 PSYoungGen      total 292352K, used 17588K [0x000000076b300000, 0x0000000784800000, 0x00000007c0000000)
  eden space 269824K, 0% used [0x000000076b300000,0x000000076b300000,0x000000077ba80000)
  from space 22528K, 78% used [0x000000077ba80000,0x000000077cbad098,0x000000077d080000)
  to   space 23552K, 0% used [0x0000000783100000,0x0000000783100000,0x0000000784800000)
 ParOldGen       total 204288K, used 26313K [0x00000006c1800000, 0x00000006cdf80000, 0x000000076b300000)
  object space 204288K, 12% used [0x00000006c1800000,0x00000006c31b24e0,0x00000006cdf80000)
 Metaspace       used 69450K, capacity 72494K, committed 72792K, reserved 1112064K
  class space    used 9198K, capacity 9735K, committed 9856K, reserved 1048576K
}

Deoptimization events (10 events):
Event: 10.136 Thread 0x0000000002368000 Uncommon trap: reason=unhandled action=none pc=0x0000000002c69c20 method=java.net.URLClassLoader.findClass(Ljava/lang/String;)Ljava/lang/Class; @ 44
Event: 10.136 Thread 0x0000000002368000 Uncommon trap: reason=unhandled action=none pc=0x0000000002c69c20 method=java.net.URLClassLoader.findClass(Ljava/lang/String;)Ljava/lang/Class; @ 44
Event: 10.137 Thread 0x0000000002368000 Uncommon trap: reason=unhandled action=none pc=0x0000000002c69c20 method=java.net.URLClassLoader.findClass(Ljava/lang/String;)Ljava/lang/Class; @ 44
Event: 10.137 Thread 0x0000000002368000 Uncommon trap: reason=unhandled action=none pc=0x0000000002c69c20 method=java.net.URLClassLoader.findClass(Ljava/lang/String;)Ljava/lang/Class; @ 44
Event: 10.137 Thread 0x0000000002368000 Uncommon trap: reason=unhandled action=none pc=0x0000000002c69c20 method=java.net.URLClassLoader.findClass(Ljava/lang/String;)Ljava/lang/Class; @ 44
Event: 10.137 Thread 0x0000000002368000 Uncommon trap: reason=unhandled action=none pc=0x0000000002c69c20 method=java.net.URLClassLoader.findClass(Ljava/lang/String;)Ljava/lang/Class; @ 44
Event: 10.137 Thread 0x0000000002368000 Uncommon trap: reason=unhandled action=none pc=0x0000000002c69c20 method=java.net.URLClassLoader.findClass(Ljava/lang/String;)Ljava/lang/Class; @ 44
Event: 10.137 Thread 0x0000000002368000 Uncommon trap: reason=unhandled action=none pc=0x0000000002c69c20 method=java.net.URLClassLoader.findClass(Ljava/lang/String;)Ljava/lang/Class; @ 44
Event: 37.464 Thread 0x0000000020f05800 Uncommon trap: reason=unhandled action=none pc=0x0000000002c69c20 method=java.net.URLClassLoader.findClass(Ljava/lang/String;)Ljava/lang/Class; @ 44
Event: 37.467 Thread 0x0000000020f05800 Uncommon trap: reason=unhandled action=none pc=0x0000000002c69c20 method=java.net.URLClassLoader.findClass(Ljava/lang/String;)Ljava/lang/Class; @ 44

Classes redefined (3 events):
Event: 29.306 Thread 0x000000001ba17800 redefined class name=br.com.neolog.solvers.OptimizationTest, count=1
Event: 40.938 Thread 0x000000001ba17800 redefined class name=br.com.neolog.solvers.OptimizationTest, count=2
Event: 114.552 Thread 0x000000001ba17800 redefined class name=br.com.neolog.models.Solution, count=1

Internal exceptions (10 events):
Event: 10.133 Thread 0x0000000002368000 Exception <a 'java/lang/ArrayIndexOutOfBoundsException': 208> (0x0000000779b92f10) thrown at [C:\re\workspace\8-2-build-windows-amd64-cygwin\jdk8u181\11358\hotspot\src\share\vm\interpreter\interpreterRuntime.cpp, line 366]
Event: 10.134 Thread 0x0000000002368000 Exception <a 'java/lang/ClassNotFoundException': groovy/runtime/metaclass/[BMetaClass> (0x0000000779bb1240) thrown at [C:\re\workspace\8-2-build-windows-amd64-cygwin\jdk8u181\11358\hotspot\src\share\vm\prims\jni.cpp, line 735]
Event: 10.135 Thread 0x0000000002368000 Exception <a 'java/lang/ClassNotFoundException': [BBeanInfo> (0x0000000779bb5218) thrown at [C:\re\workspace\8-2-build-windows-amd64-cygwin\jdk8u181\11358\hotspot\src\share\vm\prims\jni.cpp, line 735]
Event: 10.135 Thread 0x0000000002368000 Exception <a 'java/lang/ClassNotFoundException': [BBeanInfo> (0x0000000779bb5838) thrown at [C:\re\workspace\8-2-build-windows-amd64-cygwin\jdk8u181\11358\hotspot\src\share\vm\prims\jni.cpp, line 735]
Event: 10.135 Thread 0x0000000002368000 Exception <a 'java/lang/ClassNotFoundException': [BCustomizer> (0x0000000779bb5f60) thrown at [C:\re\workspace\8-2-build-windows-amd64-cygwin\jdk8u181\11358\hotspot\src\share\vm\prims\jni.cpp, line 735]
Event: 10.135 Thread 0x0000000002368000 Exception <a 'java/lang/ClassNotFoundException': [BCustomizer> (0x0000000779bb6580) thrown at [C:\re\workspace\8-2-build-windows-amd64-cygwin\jdk8u181\11358\hotspot\src\share\vm\prims\jni.cpp, line 735]
Event: 10.136 Thread 0x0000000002368000 Exception <a 'java/lang/ClassNotFoundException': org/apache/http/conn/EofSensorInputStreamBeanInfo> (0x0000000779bf0278) thrown at [C:\re\workspace\8-2-build-windows-amd64-cygwin\jdk8u181\11358\hotspot\src\share\vm\classfile\systemDictionary.cpp, line 210
Event: 10.136 Thread 0x0000000002368000 Exception <a 'java/lang/ClassNotFoundException': java/io/InputStreamBeanInfo> (0x0000000779bfb5e0) thrown at [C:\re\workspace\8-2-build-windows-amd64-cygwin\jdk8u181\11358\hotspot\src\share\vm\classfile\systemDictionary.cpp, line 210]
Event: 10.137 Thread 0x0000000002368000 Exception <a 'java/lang/ClassNotFoundException': java/io/InputStreamCustomizer> (0x0000000779c06d28) thrown at [C:\re\workspace\8-2-build-windows-amd64-cygwin\jdk8u181\11358\hotspot\src\share\vm\classfile\systemDictionary.cpp, line 210]
Event: 10.137 Thread 0x0000000002368000 Exception <a 'java/lang/ClassNotFoundException': org/apache/http/conn/EofSensorInputStreamCustomizer> (0x0000000779c2a3d0) thrown at [C:\re\workspace\8-2-build-windows-amd64-cygwin\jdk8u181\11358\hotspot\src\share\vm\classfile\systemDictionary.cpp, line 2

Events (10 events):
Event: 114.628 Executing VM operation: GetOrSetLocal done
Event: 114.629 Executing VM operation: GetOrSetLocal
Event: 114.629 Executing VM operation: GetOrSetLocal done
Event: 114.629 Executing VM operation: GetOrSetLocal
Event: 114.629 Executing VM operation: GetOrSetLocal done
Event: 114.629 Executing VM operation: GetOrSetLocal
Event: 114.629 Executing VM operation: GetOrSetLocal done
Event: 114.630 Executing VM operation: GetOrSetLocal
Event: 114.630 Executing VM operation: GetOrSetLocal done
Event: 115.477 Executing VM operation: GetOrSetLocal


Dynamic libraries:
0x00007ff728070000 - 0x00007ff7280a7000 	C:\Program Files\Java\jdk1.8.0_181\bin\javaw.exe
0x00007ff80c260000 - 0x00007ff80c421000 	C:\Windows\SYSTEM32\ntdll.dll
0x00007ff80a740000 - 0x00007ff80a7ed000 	C:\Windows\system32\KERNEL32.DLL
0x00007ff809110000 - 0x00007ff8092f8000 	C:\Windows\system32\KERNELBASE.dll
0x00007ff80a440000 - 0x00007ff80a4e7000 	C:\Windows\system32\ADVAPI32.dll
0x00007ff80a7f0000 - 0x00007ff80a88d000 	C:\Windows\system32\msvcrt.dll
0x00007ff80a300000 - 0x00007ff80a35b000 	C:\Windows\system32\sechost.dll
0x00007ff809af0000 - 0x00007ff809c0c000 	C:\Windows\system32\RPCRT4.dll
0x00007ff80c100000 - 0x00007ff80c256000 	C:\Windows\system32\USER32.dll
0x00007ff80aa10000 - 0x00007ff80ab96000 	C:\Windows\system32\GDI32.dll
0x00007ffffbc90000 - 0x00007ffffbf04000 	C:\Windows\WinSxS\amd64_microsoft.windows.common-controls_6595b64144ccf1df_6.0.10586.0_none_8c15ae12515e1c22\COMCTL32.dll
0x00007ff809c10000 - 0x00007ff809e8d000 	C:\Windows\system32\combase.dll
0x00007ff809010000 - 0x00007ff80907a000 	C:\Windows\system32\bcryptPrimitives.dll
0x00007ff809ff0000 - 0x00007ff80a02b000 	C:\Windows\system32\IMM32.DLL
0x000000005e180000 - 0x000000005e252000 	C:\Program Files\Java\jdk1.8.0_181\jre\bin\msvcr100.dll
0x000000005c6b0000 - 0x000000005cf52000 	C:\Program Files\Java\jdk1.8.0_181\jre\bin\server\jvm.dll
0x00007ff80a360000 - 0x00007ff80a368000 	C:\Windows\system32\PSAPI.DLL
0x00007ff800540000 - 0x00007ff800549000 	C:\Windows\SYSTEM32\WSOCK32.dll
0x00007ff807030000 - 0x00007ff807053000 	C:\Windows\SYSTEM32\WINMM.dll
0x00007ff804130000 - 0x00007ff80413a000 	C:\Windows\SYSTEM32\VERSION.dll
0x00007ff80a4f0000 - 0x00007ff80a55b000 	C:\Windows\system32\WS2_32.dll
0x0000000000ab0000 - 0x0000000000adc000 	C:\Windows\SYSTEM32\WINMMBASE.dll
0x00007ff809440000 - 0x00007ff809483000 	C:\Windows\system32\cfgmgr32.dll
0x000000005e600000 - 0x000000005e60f000 	C:\Program Files\Java\jdk1.8.0_181\jre\bin\verify.dll
0x000000005e470000 - 0x000000005e499000 	C:\Program Files\Java\jdk1.8.0_181\jre\bin\java.dll
0x000000005e140000 - 0x000000005e175000 	C:\Program Files\Java\jdk1.8.0_181\jre\bin\jdwp.dll
0x000000005e460000 - 0x000000005e468000 	C:\Program Files\Java\jdk1.8.0_181\jre\bin\npt.dll
0x000000005e120000 - 0x000000005e136000 	C:\Program Files\Java\jdk1.8.0_181\jre\bin\zip.dll
0x00007ff80aba0000 - 0x00007ff80c0fc000 	C:\Windows\system32\SHELL32.dll
0x00007ff8089c0000 - 0x00007ff809005000 	C:\Windows\system32\windows.storage.dll
0x00007ff80a900000 - 0x00007ff80a952000 	C:\Windows\system32\shlwapi.dll
0x00007ff8088a0000 - 0x00007ff8088af000 	C:\Windows\system32\kernel.appcore.dll
0x00007ff809380000 - 0x00007ff809435000 	C:\Windows\system32\shcore.dll
0x00007ff8088b0000 - 0x00007ff8088fb000 	C:\Windows\system32\powrprof.dll
0x00007ff808880000 - 0x00007ff808894000 	C:\Windows\system32\profapi.dll
0x000000005e110000 - 0x000000005e119000 	C:\Program Files\Java\jdk1.8.0_181\jre\bin\dt_socket.dll
0x00007ffff7e80000 - 0x00007ffff7e96000 	C:\Windows\system32\napinsp.dll
0x00007ffff7e60000 - 0x00007ffff7e7a000 	C:\Windows\system32\pnrpnsp.dll
0x00007ff806ca0000 - 0x00007ff806cb8000 	C:\Windows\system32\NLAapi.dll
0x00007ff808150000 - 0x00007ff8081ac000 	C:\Windows\System32\mswsock.dll
0x00007ff807200000 - 0x00007ff8072aa000 	C:\Windows\SYSTEM32\DNSAPI.dll
0x00007ff80a1a0000 - 0x00007ff80a1a8000 	C:\Windows\system32\NSI.dll
0x00007ffff7e50000 - 0x00007ffff7e5d000 	C:\Windows\System32\winrnr.dll
0x00007ffff7e30000 - 0x00007ffff7e45000 	C:\Windows\System32\wshbth.dll
0x00007ff804e40000 - 0x00007ff804ea7000 	C:\Windows\System32\fwpuclnt.dll
0x00007ff8087b0000 - 0x00007ff8087d9000 	C:\Windows\SYSTEM32\bcrypt.dll
0x00007ff8041b0000 - 0x00007ff8041ba000 	C:\Windows\System32\rasadhlp.dll
0x000000005e0f0000 - 0x000000005e10a000 	C:\Program Files\Java\jdk1.8.0_181\jre\bin\net.dll
0x000000005e0e0000 - 0x000000005e0ed000 	C:\Program Files\Java\jdk1.8.0_181\jre\bin\management.dll
0x00007ff8058d0000 - 0x00007ff805908000 	C:\Windows\SYSTEM32\IPHLPAPI.DLL
0x000000005e0c0000 - 0x000000005e0d1000 	C:\Program Files\Java\jdk1.8.0_181\jre\bin\nio.dll
0x00007ff808200000 - 0x00007ff808217000 	C:\Windows\SYSTEM32\CRYPTSP.dll
0x00007ff807e90000 - 0x00007ff807ec4000 	C:\Windows\system32\rsaenh.dll
0x00007ff807fe0000 - 0x00007ff807fff000 	C:\Windows\SYSTEM32\USERENV.dll
0x00007ff808320000 - 0x00007ff80832b000 	C:\Windows\SYSTEM32\CRYPTBASE.dll
0x00007ff805070000 - 0x00007ff805086000 	C:\Windows\SYSTEM32\dhcpcsvc6.DLL
0x00007ff802b10000 - 0x00007ff802b2a000 	C:\Windows\SYSTEM32\dhcpcsvc.DLL
0x000000005d150000 - 0x000000005d174000 	C:\Program Files\Java\jdk1.8.0_181\jre\bin\sunec.dll
0x00007fffdf3d0000 - 0x00007fffdf55c000 	C:\Windows\SYSTEM32\dbghelp.dll

VM Arguments:
jvm_args: -agentlib:jdwp=transport=dt_socket,suspend=y,address=localhost:54495 -ea -Dfile.encoding=Cp1252 
java_command: org.eclipse.jdt.internal.junit.runner.RemoteTestRunner -version 3 -port 54494 -testLoaderClass org.eclipse.jdt.internal.junit4.runner.JUnit4TestLoader -loaderpluginname org.eclipse.jdt.junit4.runtime -test br.com.neolog.solvers.OptimizationTest:shouldReturnEmptyListWhenTargeVolumeLesserThanMinProductVolume
java_class_path (initial): C:\Work\source\4Iteracao\target\test-classes;C:\Work\source\4Iteracao\target\classes;C:\Work\app\eclipse-neon\plugins\org.junit_4.12.0.v201504281640\junit.jar;C:\Work\app\eclipse-neon\plugins\org.hamcrest.core_1.3.0.v201303031735.jar;C:\Users\alex.santos\.m2\repository\org\springframework\boot\spring-boot-starter-web\2.0.4.RELEASE\spring-boot-starter-web-2.0.4.RELEASE.jar;C:\Users\alex.santos\.m2\repository\org\springframework\boot\spring-boot-starter\2.0.4.RELEASE\spring-boot-starter-2.0.4.RELEASE.jar;C:\Users\alex.santos\.m2\repository\org\springframework\boot\spring-boot\2.0.4.RELEASE\spring-boot-2.0.4.RELEASE.jar;C:\Users\alex.santos\.m2\repository\org\springframework\boot\spring-boot-autoconfigure\2.0.4.RELEASE\spring-boot-autoconfigure-2.0.4.RELEASE.jar;C:\Users\alex.santos\.m2\repository\org\springframework\boot\spring-boot-starter-logging\2.0.4.RELEASE\spring-boot-starter-logging-2.0.4.RELEASE.jar;C:\Users\alex.santos\.m2\repository\ch\qos\logback\logback-classic\1.2.3\logback-classic-1.2.3.jar;C:\Users\alex.santos\.m2\repository\ch\qos\logback\logback-core\1.2.3\logback-core-1.2.3.jar;C:\Users\alex.santos\.m2\repository\org\apache\logging\log4j\log4j-to-slf4j\2.10.0\log4j-to-slf4j-2.10.0.jar;C:\Users\alex.santos\.m2\repository\org\apache\logging\log4j\log4j-api\2.10.0\log4j-api-2.10.0.jar;C:\Users\alex.santos\.m2\repository\org\slf4j\jul-to-slf4j\1.7.25\jul-to-slf4j-1.7.25.jar;C:\Users\alex.santos\.m2\repository\javax\annotation\javax.annotation-api\1.3.2\javax.annotation-api-1.3.2.jar;C:\Users\alex.santos\.m2\repository\org\yaml\snakeyaml\1.19\snakeyaml-1.19.jar;C:\Users\alex.santos\.m2\repository\org\springframework\boot\spring-boot-starter-json\2.0.4.RELEASE\spring-boot-starter-json-2.0.4.RELEASE.jar;C:\Users\alex.santos\.m2\repository\com\fasterxml\jackson\core\jackson-databind\2.9.6\jackson-databind-2.9.6.jar;C:\Users\alex.santos\.m2\repository\com\fasterxml\jackson\core\jackson-annotations\2.9.0\jackson-annotations-2.9.0.j
Launcher Type: SUN_STANDARD

Environment Variables:
PATH=C:\Program Files\Java\jdk1.8.0_181\jre\bin;C:/Program Files/Java/jre1.8.0_181/bin/server;C:/Program Files/Java/jre1.8.0_181/bin;C:/Program Files/Java/jre1.8.0_181/lib/amd64;C:\Program Files (x86)\Common Files\Oracle\Java\javapath;C:\Windows\system32;C:\Windows;C:\Windows\System32\Wbem;C:\Windows\System32\WindowsPowerShell\v1.0\;C:\Program Files\Intel\WiFi\bin\;C:\Program Files\Common Files\Intel\WirelessCommon\;C:\Program Files (x86)\NVIDIA Corporation\PhysX\Common;C:\Program Files\Microsoft SQL Server\Client SDK\ODBC\110\Tools\Binn\;C:\Program Files (x86)\Microsoft SQL Server\120\Tools\Binn\ManagementStudio\;C:\Program Files (x86)\Microsoft SQL Server\120\Tools\Binn\;C:\Program Files\Microsoft SQL Server\120\Tools\Binn\;C:\Program Files (x86)\Microsoft SQL Server\120\DTS\Binn\;C:\Program Files\Microsoft SQL Server\120\DTS\Binn\;C:\Program Files (x86)\Skype\Phone\;C:\Program Files\TortoiseSVN\bin;C:\Program Files\TortoiseGit\bin;C:\Program Files (x86)\Git\cmd;C:\Program Files\nodejs\;C:\Users\alex.santos\AppData\Roaming\npm;C:\Users\alex.santos\AppData\Local\Programs\Git\cmd;C:\Work\app\eclipse-neon;
USERNAME=alex.santos
OS=Windows_NT
PROCESSOR_IDENTIFIER=Intel64 Family 6 Model 94 Stepping 3, GenuineIntel



---------------  S Y S T E M  ---------------

OS: Windows 10.0 , 64 bit Build 10586 (10.0.10586.0)

CPU:total 4 (initial active 4) (4 cores per cpu, 1 threads per core) family 6 model 94 stepping 3, cmov, cx8, fxsr, mmx, sse, sse2, sse3, ssse3, sse4.1, sse4.2, popcnt, avx, avx2, aes, clmul, erms, rtm, 3dnowpref, lzcnt, tsc, tscinvbit, bmi1, bmi2, adx

Memory: 4k page, physical 16677212k(6546832k free), swap 19167580k(3284320k free)

vm_info: Java HotSpot(TM) 64-Bit Server VM (25.181-b13) for windows-amd64 JRE (1.8.0_181-b13), built on Jul  7 2018 04:01:33 by "java_re" with MS VC++ 10.0 (VS2010)

time: Fri Nov 23 18:04:08 2018
elapsed time: 115 seconds (0d 0h 1m 55s)

